<?xml version="1.0" encoding="UTF-8"?>
<!-- Generated by org.testng.reporters.JUnitReportReporter -->
<testsuite hostname="IB-SEZ-LAP-793" failures="0" tests="2" name="im.AllDeviceTest" time="7.197" errors="0" timestamp="2021-11-09T18:08:58 IST" skipped="0">
  <testcase classname="im.AllDeviceTest" name="TC002_CreateNewDevice" time="7.036"/>
  <system-out/>
  <testcase classname="im.AllDeviceTest" name="TC001_ClickAllDevice" time="0.161"/>
  <system-out/>
</testsuite> <!-- im.AllDeviceTest -->
