<?xml version="1.0" encoding="UTF-8"?>
<!-- Generated by org.testng.reporters.JUnitReportReporter -->
<testsuite hostname="IB-SEZ-LAP-793" failures="0" tests="7" name="im.HomepgTest" time="11.635" errors="0" timestamp="2021-10-25T15:08:21 IST" skipped="0">
  <testcase classname="im.HomepgTest" name="TC005_ClickDispenseCollect" time="0.132"/>
  <system-out/>
  <testcase classname="im.HomepgTest" name="TC002_Login" time="7.112"/>
  <system-out/>
  <testcase classname="im.HomepgTest" name="TC003_ClickAllDevice" time="0.082"/>
  <system-out/>
  <testcase classname="im.HomepgTest" name="TC004_ClickMaintainRepair" time="0.455"/>
  <system-out/>
  <testcase classname="im.HomepgTest" name="TC001_LaunchURL" time="3.414"/>
  <system-out/>
  <testcase classname="im.HomepgTest" name="TC006_ClickSurveyReport" time="0.261"/>
  <system-out/>
  <testcase classname="im.HomepgTest" name="TC007_ClickDeviceDashboard" time="0.179"/>
  <system-out/>
</testsuite> <!-- im.HomepgTest -->
