<?xml version="1.0" encoding="UTF-8"?>
<!-- Generated by org.testng.reporters.JUnitReportReporter -->
<testsuite hostname="IB-SEZ-LAP-793" failures="0" tests="7" name="im.HomepgTest" time="11.343" errors="0" timestamp="2021-11-09T18:08:58 IST" skipped="0">
  <testcase classname="im.HomepgTest" name="TC005_ClickDispenseCollect" time="0.140"/>
  <system-out/>
  <testcase classname="im.HomepgTest" name="TC002_Login" time="6.717"/>
  <system-out/>
  <testcase classname="im.HomepgTest" name="TC003_ClickAllDevice" time="0.104"/>
  <system-out/>
  <testcase classname="im.HomepgTest" name="TC004_ClickMaintainRepair" time="0.668"/>
  <system-out/>
  <testcase classname="im.HomepgTest" name="TC001_LaunchURL" time="3.144"/>
  <system-out/>
  <testcase classname="im.HomepgTest" name="TC006_ClickSurveyReport" time="0.266"/>
  <system-out/>
  <testcase classname="im.HomepgTest" name="TC007_ClickDeviceDashboard" time="0.304"/>
  <system-out/>
</testsuite> <!-- im.HomepgTest -->
